<?xml version="1.0" encoding="UTF-8"?>
<testsuite name="passwordCheckerTest" tests="1" skipped="0" failures="0" errors="0" timestamp="2019-12-06T12:14:24" hostname="recruit-Lenovo-Product" time="0.018">
  <properties/>
  <testcase name="password()" classname="passwordCheckerTest" time="0.018"/>
  <system-out><![CDATA[password meets requirements.
]]></system-out>
  <system-err><![CDATA[]]></system-err>
</testsuite>
